<?xml version="1.0" encoding="UTF-8"?>
<testsuite name="ru.netology.ILYA.service.CustomerControllerTest" tests="5" skipped="0" failures="0" errors="0" timestamp="2023-12-26T16:45:43" hostname="ILYA" time="0.302">
  <properties/>
  <testcase name="contextLoads()" classname="ru.netology.ILYA.service.CustomerControllerTest" time="0.286"/>
  <testcase name="getCustomer()" classname="ru.netology.ILYA.service.CustomerControllerTest" time="0.006"/>
  <testcase name="getClientsTest()" classname="ru.netology.ILYA.service.CustomerControllerTest" time="0.001"/>
  <testcase name="getNonExistentCustomer()" classname="ru.netology.ILYA.service.CustomerControllerTest" time="0.001"/>
  <testcase name="addAndRemoveCustomer()" classname="ru.netology.ILYA.service.CustomerControllerTest" time="0.004"/>
  <system-out><![CDATA[21:45:42.314 [Test worker] DEBUG org.springframework.test.context.BootstrapUtils - Instantiating CacheAwareContextLoaderDelegate from class [org.springframework.test.context.cache.DefaultCacheAwareContextLoaderDelegate]
21:45:42.321 [Test worker] DEBUG org.springframework.test.context.BootstrapUtils - Instantiating BootstrapContext using constructor [public org.springframework.test.context.support.DefaultBootstrapContext(java.lang.Class,org.springframework.test.context.CacheAwareContextLoaderDelegate)]
21:45:42.342 [Test worker] DEBUG org.springframework.test.context.BootstrapUtils - Instantiating TestContextBootstrapper for test class [ru.netology.ILYA.service.CustomerControllerTest] from class [org.springframework.boot.test.context.SpringBootTestContextBootstrapper]
21:45:42.350 [Test worker] INFO org.springframework.boot.test.context.SpringBootTestContextBootstrapper - Neither @ContextConfiguration nor @ContextHierarchy found for test class [ru.netology.ILYA.service.CustomerControllerTest], using SpringBootContextLoader
21:45:42.353 [Test worker] DEBUG org.springframework.test.context.support.AbstractContextLoader - Did not detect default resource location for test class [ru.netology.ILYA.service.CustomerControllerTest]: class path resource [ru/netology/ILYA/service/CustomerControllerTest-context.xml] does not exist
21:45:42.353 [Test worker] DEBUG org.springframework.test.context.support.AbstractContextLoader - Did not detect default resource location for test class [ru.netology.ILYA.service.CustomerControllerTest]: class path resource [ru/netology/ILYA/service/CustomerControllerTestContext.groovy] does not exist
21:45:42.353 [Test worker] INFO org.springframework.test.context.support.AbstractContextLoader - Could not detect default resource locations for test class [ru.netology.ILYA.service.CustomerControllerTest]: no resource found for suffixes {-context.xml, Context.groovy}.
21:45:42.354 [Test worker] INFO org.springframework.test.context.support.AnnotationConfigContextLoaderUtils - Could not detect default configuration classes for test class [ru.netology.ILYA.service.CustomerControllerTest]: CustomerControllerTest does not declare any static, non-private, non-final, nested classes annotated with @Configuration.
21:45:42.379 [Test worker] DEBUG org.springframework.test.context.support.ActiveProfilesUtils - Could not find an 'annotation declaring class' for annotation type [org.springframework.test.context.ActiveProfiles] and class [ru.netology.ILYA.service.CustomerControllerTest]
21:45:42.418 [Test worker] DEBUG org.springframework.context.annotation.ClassPathScanningCandidateComponentProvider - Identified candidate component class: file [C:\Users\zhura\java\netology\build\classes\java\main\ru\netology\ILYA\OperationHistoryApiApplication.class]
21:45:42.418 [Test worker] INFO org.springframework.boot.test.context.SpringBootTestContextBootstrapper - Found @SpringBootConfiguration ru.netology.ILYA.OperationHistoryApiApplication for test class ru.netology.ILYA.service.CustomerControllerTest
21:45:42.479 [Test worker] DEBUG org.springframework.boot.test.context.SpringBootTestContextBootstrapper - @TestExecutionListeners is not present for class [ru.netology.ILYA.service.CustomerControllerTest]: using defaults.
21:45:42.479 [Test worker] INFO org.springframework.boot.test.context.SpringBootTestContextBootstrapper - Loaded default TestExecutionListener class names from location [META-INF/spring.factories]: [org.springframework.boot.test.autoconfigure.restdocs.RestDocsTestExecutionListener, org.springframework.boot.test.autoconfigure.web.client.MockRestServiceServerResetTestExecutionListener, org.springframework.boot.test.autoconfigure.web.servlet.MockMvcPrintOnlyOnFailureTestExecutionListener, org.springframework.boot.test.autoconfigure.web.servlet.WebDriverTestExecutionListener, org.springframework.boot.test.autoconfigure.webservices.client.MockWebServiceServerTestExecutionListener, org.springframework.boot.test.mock.mockito.MockitoTestExecutionListener, org.springframework.boot.test.mock.mockito.ResetMocksTestExecutionListener, org.springframework.test.context.web.ServletTestExecutionListener, org.springframework.test.context.support.DirtiesContextBeforeModesTestExecutionListener, org.springframework.test.context.event.ApplicationEventsTestExecutionListener, org.springframework.test.context.support.DependencyInjectionTestExecutionListener, org.springframework.test.context.support.DirtiesContextTestExecutionListener, org.springframework.test.context.transaction.TransactionalTestExecutionListener, org.springframework.test.context.jdbc.SqlScriptsTestExecutionListener, org.springframework.test.context.event.EventPublishingTestExecutionListener]
21:45:42.487 [Test worker] DEBUG org.springframework.boot.test.context.SpringBootTestContextBootstrapper - Skipping candidate TestExecutionListener [org.springframework.test.context.transaction.TransactionalTestExecutionListener] due to a missing dependency. Specify custom listener classes or make the default listener classes and their required dependencies available. Offending class: [org/springframework/transaction/interceptor/TransactionAttributeSource]
21:45:42.488 [Test worker] DEBUG org.springframework.boot.test.context.SpringBootTestContextBootstrapper - Skipping candidate TestExecutionListener [org.springframework.test.context.jdbc.SqlScriptsTestExecutionListener] due to a missing dependency. Specify custom listener classes or make the default listener classes and their required dependencies available. Offending class: [org/springframework/transaction/interceptor/TransactionAttribute]
21:45:42.488 [Test worker] INFO org.springframework.boot.test.context.SpringBootTestContextBootstrapper - Using TestExecutionListeners: [org.springframework.test.context.web.ServletTestExecutionListener@71ae31b0, org.springframework.test.context.support.DirtiesContextBeforeModesTestExecutionListener@4ba534b0, org.springframework.test.context.event.ApplicationEventsTestExecutionListener@6f0ca692, org.springframework.boot.test.mock.mockito.MockitoTestExecutionListener@2c104774, org.springframework.boot.test.autoconfigure.SpringBootDependencyInjectionTestExecutionListener@2cb3d0f7, org.springframework.test.context.support.DirtiesContextTestExecutionListener@4e517165, org.springframework.test.context.event.EventPublishingTestExecutionListener@44e3760b, org.springframework.boot.test.autoconfigure.restdocs.RestDocsTestExecutionListener@6a66a204, org.springframework.boot.test.autoconfigure.web.client.MockRestServiceServerResetTestExecutionListener@5860f3d7, org.springframework.boot.test.autoconfigure.web.servlet.MockMvcPrintOnlyOnFailureTestExecutionListener@1d7f7be7, org.springframework.boot.test.autoconfigure.web.servlet.WebDriverTestExecutionListener@42f3156d, org.springframework.boot.test.autoconfigure.webservices.client.MockWebServiceServerTestExecutionListener@1ddae9b5, org.springframework.boot.test.mock.mockito.ResetMocksTestExecutionListener@427b5f92]
21:45:42.491 [Test worker] DEBUG org.springframework.test.context.support.AbstractDirtiesContextTestExecutionListener - Before test class: context [DefaultTestContext@4c6daf0 testClass = CustomerControllerTest, testInstance = [null], testMethod = [null], testException = [null], mergedContextConfiguration = [WebMergedContextConfiguration@10650953 testClass = CustomerControllerTest, locations = '{}', classes = '{class ru.netology.ILYA.OperationHistoryApiApplication}', contextInitializerClasses = '[]', activeProfiles = '{}', propertySourceLocations = '{}', propertySourceProperties = '{org.springframework.boot.test.context.SpringBootTestContextBootstrapper=true}', contextCustomizers = set[org.springframework.boot.test.autoconfigure.actuate.metrics.MetricsExportContextCustomizerFactory$DisableMetricExportContextCustomizer@1608bcbd, org.springframework.boot.test.autoconfigure.properties.PropertyMappingContextCustomizer@0, org.springframework.boot.test.autoconfigure.web.servlet.WebDriverContextCustomizerFactory$Customizer@31dadd46, org.springframework.boot.test.context.filter.ExcludeFilterContextCustomizer@1f010bf0, org.springframework.boot.test.json.DuplicateJsonObjectContextCustomizerFactory$DuplicateJsonObjectContextCustomizer@177bea38, org.springframework.boot.test.mock.mockito.MockitoContextCustomizer@0, org.springframework.boot.test.web.client.TestRestTemplateContextCustomizer@1b7c473a, org.springframework.boot.test.context.SpringBootTestArgs@1, org.springframework.boot.test.context.SpringBootTestWebEnvironment@732c2a62], resourceBasePath = 'src/main/webapp', contextLoader = 'org.springframework.boot.test.context.SpringBootContextLoader', parent = [null]], attributes = map['org.springframework.test.context.web.ServletTestExecutionListener.activateListener' -> true]], class annotated with @DirtiesContext [false] with mode [null].

  .   ____          _            __ _ _
 /\\ / ___'_ __ _ _(_)_ __  __ _ \ \ \ \
( ( )\___ | '_ | '_| | '_ \/ _` | \ \ \ \
 \\/  ___)| |_)| | | | | || (_| |  ) ) ) )
  '  |____| .__|_| |_|_| |_\__, | / / / /
 =========|_|==============|___/=/_/_/_/
 :: Spring Boot ::                (v2.7.4)

2023-12-26 21:45:42.722  INFO 25876 --- [    Test worker] r.n.ILYA.service.CustomerControllerTest  : Starting CustomerControllerTest using Java 17.0.9 on Ilya with PID 25876 (started by zhura in C:\Users\zhura\java\netology)
2023-12-26 21:45:42.723  INFO 25876 --- [    Test worker] r.n.ILYA.service.CustomerControllerTest  : No active profile set, falling back to 1 default profile: "default"
No operations
2023-12-26 21:45:43.674  INFO 25876 --- [    Test worker] r.n.ILYA.service.CustomerControllerTest  : Started CustomerControllerTest in 1.151 seconds (JVM running for 1.908)
]]></system-out>
  <system-err><![CDATA[]]></system-err>
</testsuite>
